# JRE version: Java(TM) SE Runtime Environment (8.0_73-b02) (build 1.8.0_73-b02)
# Java VM: Java HotSpot(TM) 64-Bit Server VM (25.73-b02 mixed mode windows-amd64 compressed oops)
Heap:
 PSYoungGen      total 38400K, used 5482K [0x00000000d5e00000, 0x00000000d9200000, 0x0000000100000000)
  eden space 33280K, 16% used [0x00000000d5e00000,0x00000000d635aa38,0x00000000d7e80000)
  from space 5120K, 0% used [0x00000000d8380000,0x00000000d8380000,0x00000000d8880000)
  to   space 5120K, 0% used [0x00000000d7e80000,0x00000000d7e80000,0x00000000d8380000)
 ParOldGen       total 58368K, used 3858K [0x0000000081a00000, 0x0000000085300000, 0x00000000d5e00000)
  object space 58368K, 6% used [0x0000000081a00000,0x0000000081dc49e0,0x0000000085300000)
 Metaspace       used 13951K, capacity 14262K, committed 14464K, reserved 1069056K
  class space    used 1739K, capacity 1843K, committed 1920K, reserved 1048576K
GC Heap History (10 events):
Event: 0.312 GC heap before
{Heap before GC invocations=2 (full 1):
 PSYoungGen      total 38400K, used 2617K [0x00000000d5e00000, 0x00000000d8880000, 0x0000000100000000)
  eden space 33280K, 0% used [0x00000000d5e00000,0x00000000d5e00000,0x00000000d7e80000)
  from space 5120K, 51% used [0x00000000d7e80000,0x00000000d810e5b0,0x00000000d8380000)
  to   space 5120K, 0% used [0x00000000d8380000,0x00000000d8380000,0x00000000d8880000)
 ParOldGen       total 87552K, used 8K [0x0000000081a00000, 0x0000000086f80000, 0x00000000d5e00000)
  object space 87552K, 0% used [0x0000000081a00000,0x0000000081a02000,0x0000000086f80000)
 Metaspace       used 5894K, capacity 6056K, committed 6144K, reserved 1060864K
  class space    used 644K, capacity 700K, committed 768K, reserved 1048576K
Event: 0.321 GC heap after
Heap after GC invocations=2 (full 1):
 PSYoungGen      total 38400K, used 0K [0x00000000d5e00000, 0x00000000d8880000, 0x0000000100000000)
  eden space 33280K, 0% used [0x00000000d5e00000,0x00000000d5e00000,0x00000000d7e80000)
  from space 5120K, 0% used [0x00000000d7e80000,0x00000000d7e80000,0x00000000d8380000)
  to   space 5120K, 0% used [0x00000000d8380000,0x00000000d8380000,0x00000000d8880000)
 ParOldGen       total 58368K, used 2439K [0x0000000081a00000, 0x0000000085300000, 0x00000000d5e00000)
  object space 58368K, 4% used [0x0000000081a00000,0x0000000081c61fd8,0x0000000085300000)
 Metaspace       used 5894K, capacity 6056K, committed 6144K, reserved 1058816K
  class space    used 644K, capacity 700K, committed 768K, reserved 1048576K
}
Event: 0.687 GC heap before
{Heap before GC invocations=3 (full 1):
 PSYoungGen      total 38400K, used 33280K [0x00000000d5e00000, 0x00000000d8880000, 0x0000000100000000)
  eden space 33280K, 100% used [0x00000000d5e00000,0x00000000d7e80000,0x00000000d7e80000)
  from space 5120K, 0% used [0x00000000d7e80000,0x00000000d7e80000,0x00000000d8380000)
  to   space 5120K, 0% used [0x00000000d8380000,0x00000000d8380000,0x00000000d8880000)
 ParOldGen       total 58368K, used 2439K [0x0000000081a00000, 0x0000000085300000, 0x00000000d5e00000)
  object space 58368K, 4% used [0x0000000081a00000,0x0000000081c61fd8,0x0000000085300000)
 Metaspace       used 9171K, capacity 9358K, committed 9728K, reserved 1060864K
  class space    used 1119K, capacity 1181K, committed 1280K, reserved 1048576K
Event: 0.691 GC heap after
Heap after GC invocations=3 (full 1):
 PSYoungGen      total 38400K, used 4101K [0x00000000d5e00000, 0x00000000d9200000, 0x0000000100000000)
  eden space 33280K, 0% used [0x00000000d5e00000,0x00000000d5e00000,0x00000000d7e80000)
  from space 5120K, 80% used [0x00000000d8380000,0x00000000d8781658,0x00000000d8880000)
  to   space 5120K, 0% used [0x00000000d7e80000,0x00000000d7e80000,0x00000000d8380000)
 ParOldGen       total 58368K, used 2447K [0x0000000081a00000, 0x0000000085300000, 0x00000000d5e00000)
  object space 58368K, 4% used [0x0000000081a00000,0x0000000081c63fd8,0x0000000085300000)
 Metaspace       used 9171K, capacity 9358K, committed 9728K, reserved 1060864K
  class space    used 1119K, capacity 1181K, committed 1280K, reserved 1048576K
}
Event: 1.106 GC heap before
{Heap before GC invocations=4 (full 1):
 PSYoungGen      total 38400K, used 37381K [0x00000000d5e00000, 0x00000000d9200000, 0x0000000100000000)
  eden space 33280K, 100% used [0x00000000d5e00000,0x00000000d7e80000,0x00000000d7e80000)
  from space 5120K, 80% used [0x00000000d8380000,0x00000000d8781658,0x00000000d8880000)
  to   space 5120K, 0% used [0x00000000d7e80000,0x00000000d7e80000,0x00000000d8380000)
 ParOldGen       total 58368K, used 2447K [0x0000000081a00000, 0x0000000085300000, 0x00000000d5e00000)
  object space 58368K, 4% used [0x0000000081a00000,0x0000000081c63fd8,0x0000000085300000)
 Metaspace       used 13057K, capacity 13344K, committed 13568K, reserved 1064960K
  class space    used 1647K, capacity 1738K, committed 1792K, reserved 1048576K
Event: 1.112 GC heap after
Heap after GC invocations=4 (full 1):
 PSYoungGen      total 38400K, used 5119K [0x00000000d5e00000, 0x00000000d9200000, 0x0000000100000000)
  eden space 33280K, 0% used [0x00000000d5e00000,0x00000000d5e00000,0x00000000d7e80000)
  from space 5120K, 99% used [0x00000000d7e80000,0x00000000d837fe78,0x00000000d8380000)
  to   space 5120K, 0% used [0x00000000d8380000,0x00000000d8380000,0x00000000d8880000)
 ParOldGen       total 58368K, used 3348K [0x0000000081a00000, 0x0000000085300000, 0x00000000d5e00000)
  object space 58368K, 5% used [0x0000000081a00000,0x0000000081d45318,0x0000000085300000)
 Metaspace       used 13057K, capacity 13344K, committed 13568K, reserved 1064960K
  class space    used 1647K, capacity 1738K, committed 1792K, reserved 1048576K
}
Event: 1.142 GC heap before
{Heap before GC invocations=5 (full 1):
 PSYoungGen      total 38400K, used 6652K [0x00000000d5e00000, 0x00000000d9200000, 0x0000000100000000)
  eden space 33280K, 4% used [0x00000000d5e00000,0x00000000d5f7f2e0,0x00000000d7e80000)
  from space 5120K, 99% used [0x00000000d7e80000,0x00000000d837fe78,0x00000000d8380000)
  to   space 5120K, 0% used [0x00000000d8380000,0x00000000d8380000,0x00000000d8880000)
 ParOldGen       total 58368K, used 3348K [0x0000000081a00000, 0x0000000085300000, 0x00000000d5e00000)
  object space 58368K, 5% used [0x0000000081a00000,0x0000000081d45318,0x0000000085300000)
 Metaspace       used 13172K, capacity 13420K, committed 13568K, reserved 1069056K
  class space    used 1653K, capacity 1740K, committed 1792K, reserved 1048576K
Event: 1.146 GC heap after
Heap after GC invocations=5 (full 1):
 PSYoungGen      total 38400K, used 2560K [0x00000000d5e00000, 0x00000000d9200000, 0x0000000100000000)
  eden space 33280K, 0% used [0x00000000d5e00000,0x00000000d5e00000,0x00000000d7e80000)
  from space 5120K, 50% used [0x00000000d8380000,0x00000000d8600000,0x00000000d8880000)
  to   space 5120K, 0% used [0x00000000d7e80000,0x00000000d7e80000,0x00000000d8380000)
 ParOldGen       total 58368K, used 3356K [0x0000000081a00000, 0x0000000085300000, 0x00000000d5e00000)
  object space 58368K, 5% used [0x0000000081a00000,0x0000000081d47318,0x0000000085300000)
 Metaspace       used 13172K, capacity 13420K, committed 13568K, reserved 1069056K
  class space    used 1653K, capacity 1740K, committed 1792K, reserved 1048576K
}
Event: 1.146 GC heap before
{Heap before GC invocations=6 (full 2):
 PSYoungGen      total 38400K, used 2560K [0x00000000d5e00000, 0x00000000d9200000, 0x0000000100000000)
  eden space 33280K, 0% used [0x00000000d5e00000,0x00000000d5e00000,0x00000000d7e80000)
  from space 5120K, 50% used [0x00000000d8380000,0x00000000d8600000,0x00000000d8880000)
  to   space 5120K, 0% used [0x00000000d7e80000,0x00000000d7e80000,0x00000000d8380000)
 ParOldGen       total 58368K, used 3356K [0x0000000081a00000, 0x0000000085300000, 0x00000000d5e00000)
  object space 58368K, 5% used [0x0000000081a00000,0x0000000081d47318,0x0000000085300000)
 Metaspace       used 13172K, capacity 13420K, committed 13568K, reserved 1069056K
  class space    used 1653K, capacity 1740K, committed 1792K, reserved 1048576K
Event: 1.170 GC heap after
Heap after GC invocations=6 (full 2):
 PSYoungGen      total 38400K, used 0K [0x00000000d5e00000, 0x00000000d9200000, 0x0000000100000000)
  eden space 33280K, 0% used [0x00000000d5e00000,0x00000000d5e00000,0x00000000d7e80000)
  from space 5120K, 0% used [0x00000000d8380000,0x00000000d8380000,0x00000000d8880000)
  to   space 5120K, 0% used [0x00000000d7e80000,0x00000000d7e80000,0x00000000d8380000)
 ParOldGen       total 58368K, used 3858K [0x0000000081a00000, 0x0000000085300000, 0x00000000d5e00000)
  object space 58368K, 6% used [0x0000000081a00000,0x0000000081dc49e0,0x0000000085300000)
 Metaspace       used 13172K, capacity 13420K, committed 13568K, reserved 1067008K
  class space    used 1653K, capacity 1740K, committed 1792K, reserved 1048576K
}

